[Licensing::Module] Trying to connect to existing licensing client channel...
Built from '6000.3/respin/6000.3.1f1-f56f53296c2c' branch; Version is '6000.3.1f1 (37142da19a94) revision 3609645'; Using compiler version '194234433'; Build Type 'Release'
[Licensing::IpcConnector] Successfully connected to: "LicenseClient-isai" at "2026-06-10T11:27:12.634204Z"
OS: 'Windows 11  (10.0.26200) 64bit Professional' Language: 'es' Physical Memory: 15557 MB
BatchMode: 1, IsHumanControllingUs: 0, StartBugReporterOnCrash: 0, Is64bit: 1
Date: 2026-06-10T11:27:12Z

COMMAND LINE ARGUMENTS:
C:\Program Files\Unity\Hub\Editor\6000.3.1f1\Editor\Unity.exe
-adb2
-batchMode
-noUpm
-name
AssetImportWorker3
-projectPath
C:/Users/isai/TFG
-logFile
Logs/AssetImportWorker3.log
-srvPort
59560
-licensingIpc
LicenseClient-isai
-job-worker-count
5
-background-job-worker-count
8
-gc-helper-count
1
-name
AssetImport
Successfully changed project path to: C:/Users/isai/TFG
C:/Users/isai/TFG
[UnityMemory] Configuration Parameters - Can be set up in boot.config
    "memorysetup-temp-allocator-size-nav-mesh-worker=65536"
    "memorysetup-temp-allocator-size-audio-worker=65536"
    "memorysetup-temp-allocator-size-gfx=262144"
    "memorysetup-allocator-temp-initial-block-size-main=262144"
    "memorysetup-allocator-temp-initial-block-size-worker=262144"
    "memorysetup-temp-allocator-size-background-worker=32768"
    "memorysetup-temp-allocator-size-job-worker=262144"
    "memorysetup-temp-allocator-size-preload-manager=33554432"
    "memorysetup-temp-allocator-size-gi-baking-worker=262144"
    "memorysetup-temp-allocator-size-gi-baking-worker=262144"
    "memorysetup-temp-allocator-size-gi-baking-worker=262144"
    "memorysetup-temp-allocator-size-gi-baking-worker=262144"
    "memorysetup-temp-allocator-size-gi-baking-worker=262144"
    "memorysetup-bucket-allocator-granularity=16"
    "memorysetup-bucket-allocator-bucket-count=8"
    "memorysetup-bucket-allocator-block-size=33554432"
    "memorysetup-bucket-allocator-block-count=8"
    "memorysetup-main-allocator-block-size=16777216"
    "memorysetup-thread-allocator-block-size=16777216"
    "memorysetup-gfx-main-allocator-block-size=16777216"
    "memorysetup-gfx-thread-allocator-block-size=16777216"
    "memorysetup-cache-allocator-block-size=4194304"
    "memorysetup-typetree-allocator-block-size=2097152"
    "memorysetup-profiler-bucket-allocator-granularity=16"
    "memorysetup-profiler-bucket-allocator-bucket-count=8"
    "memorysetup-profiler-bucket-allocator-block-size=33554432"
    "memorysetup-profiler-bucket-allocator-block-count=8"
    "memorysetup-profiler-allocator-block-size=16777216"
    "memorysetup-profiler-editor-allocator-block-size=1048576"
    "memorysetup-temp-allocator-size-main=16777216"
    "memorysetup-job-temp-allocator-block-size=2097152"
    "memorysetup-job-temp-allocator-block-size-background=1048576"
    "memorysetup-job-temp-allocator-reduction-small-platforms=262144"
    "memorysetup-temp-allocator-size-cloud-worker=32768"
Player connection [16420]  Target information:

Player connection [16420]  * "[IP] 192.168.56.1 [Port] 0 [Flags] 2 [Guid] 3137699131 [EditorId] 3137699131 [Version] 1048832 [Id] WindowsEditor(7,DESKTOP-OIGNEFO) [Debug] 1 [PackageName] WindowsEditor [ProjectName] Editor" 

Player connection [16420]  * "[IP] 192.168.131.1 [Port] 0 [Flags] 2 [Guid] 3137699131 [EditorId] 3137699131 [Version] 1048832 [Id] WindowsEditor(7,DESKTOP-OIGNEFO) [Debug] 1 [PackageName] WindowsEditor [ProjectName] Editor" 

Player connection [16420]  * "[IP] 192.168.1.51 [Port] 0 [Flags] 2 [Guid] 3137699131 [EditorId] 3137699131 [Version] 1048832 [Id] WindowsEditor(7,DESKTOP-OIGNEFO) [Debug] 1 [PackageName] WindowsEditor [ProjectName] Editor" 

Player connection [16420] Host joined multi-casting on [225.0.0.222:54997]...
Player connection [16420] Host joined alternative multi-casting on [225.0.0.222:34997]...
JobSystem: Creating JobQueue using job-worker-count value 5
Input System module state changed to: Initialized.
[Physics::Module] Initialized fallback backend.
[Physics::Module] Id: 0xdecafbad
Library Redirect Path: Library/
[Physics::Module] Selected backend.
[Physics::Module] Name: PhysX
[Physics::Module] Id: 0xf2b8ea05
[Physics::Module] SDK Version: 4.1.2
[Physics::Module] Integration Version: 1.0.0
[Physics::Module] Threading Mode: Multi-Threaded
[Licensing::Module] Licensing is not yet initialized.
[Licensing::Client] Handshaking with LicensingClient:
  Version:                 1.17.4+4293ba1
  Session Id:              9b5a3f6ef48841a29d436239e0dc7817
  Correlation Id:          f8909b694438a256cb049e5f384ece68
  External correlation Id: 8564638779227498340
  Machine Id:              8BCkfwt7wFfauSPm5cA/mWaYFys=
[Licensing::Module] Successfully connected to LicensingClient on channel: "LicenseClient-isai" (connect: 0.00s, validation: 0.00s, handshake: 1.30s)
[Licensing::IpcConnector] Successfully connected to: "LicenseClient-isai-notifications" at "2026-06-10T11:27:13.9346123Z"
[Licensing::Module] Licensing Background thread has ended after 1.30s
[Licensing::Module] Licensing is initialized (took 0.92s).
[Licensing::Client] Successfully resolved entitlement details
[Licensing::Module] License group:
  Id: 6872796434554-UnityPersXXXX
  Product: Unity Personal
  Type: Assigned
  Expiration: Unlimited
Refreshing native plugins compatible for Editor in 535.44 ms, found 12 plugins.
Unity memory allocator detected: MetaXRAudio native memory allocations will be tracked.
Preloading 3 native plugins for Editor in 3.38 ms.
Initialize engine version: 6000.3.1f1 (37142da19a94)
[Subsystems] Discovering subsystems at path C:/Program Files/Unity/Hub/Editor/6000.3.1f1/Editor/Data/Resources/UnitySubsystems
[Subsystems] Discovering subsystems at path C:/Users/isai/TFG/Assets
GfxDevice: creating device client; kGfxThreadingModeNonThreaded
Direct3D:
    Version:  Direct3D 11.0 [level 11.1]
    Renderer: NVIDIA GeForce RTX 3050 Laptop GPU (ID=0x25a2)
    Vendor:   NVIDIA
    VRAM:     3962 MB
    Driver:   32.0.15.9227
Shader 'Meta/MRUK/Scene/HighlightsAndShadows': fallback shader 'Off' not found
Shader 'Oculus/OVRMRCameraFrameLit': fallback shader 'Alpha-Diffuse' not found
Initialize mono
Mono path[0] = 'C:/Program Files/Unity/Hub/Editor/6000.3.1f1/Editor/Data/Managed'
Mono path[1] = 'C:/Program Files/Unity/Hub/Editor/6000.3.1f1/Editor/Data/MonoBleedingEdge/lib/mono/unityjit-win32'
Mono config path = 'C:/Program Files/Unity/Hub/Editor/6000.3.1f1/Editor/Data/MonoBleedingEdge/etc'
Using monoOptions --debugger-agent=transport=dt_socket,embedding=1,server=y,suspend=n,address=127.0.0.1:56388
Begin MonoManager ReloadAssembly
Registering precompiled unity dll's ...
Register platform support module: C:/Program Files/Unity/Hub/Editor/6000.3.1f1/Editor/Data/PlaybackEngines/WindowsStandaloneSupport/UnityEditor.WindowsStandalone.Extensions.dll
Register platform support module: C:/Program Files/Unity/Hub/Editor/6000.3.1f1/Editor/Data/PlaybackEngines/AndroidPlayer/UnityEditor.Android.Extensions.dll
Registered in 0.397788 seconds.
- Loaded All Assemblies, in 14.687 seconds
Native extension for Android target not found
Android Extension - Scanning For ADB Devices 277 ms
Native extension for WindowsStandalone target not found
Mono: successfully reloaded assembly
- Finished resetting the current domain, in  0.881 seconds
Domain Reload Profiling: 15562ms
	BeginReloadAssembly (11443ms)
		ExecutionOrderSort (0ms)
		DisableScriptedObjects (0ms)
		BackupInstance (0ms)
		ReleaseScriptingObjects (0ms)
		CreateAndSetChildDomain (1ms)
	RebuildCommonClasses (552ms)
	RebuildNativeTypeToScriptingClass (11ms)
	initialDomainReloadingComplete (453ms)
	LoadAllAssembliesAndSetupDomain (2223ms)
		LoadAssemblies (11445ms)
		RebuildTransferFunctionScriptingTraits (0ms)
		AnalyzeDomain (2211ms)
			TypeCache.Refresh (2209ms)
				TypeCache.ScanAssembly (1752ms)
			BuildScriptInfoCaches (0ms)
			ResolveRequiredComponents (1ms)
	FinalizeReload (881ms)
		ReleaseScriptCaches (0ms)
		RebuildScriptCaches (0ms)
		SetupLoadedEditorAssemblies (812ms)
			LogAssemblyErrors (0ms)
			InitializePlatformSupportModulesInManaged (399ms)
			SetLoadedEditorAssemblies (4ms)
			BeforeProcessingInitializeOnLoad (103ms)
			ProcessInitializeOnLoadAttributes (195ms)
			ProcessInitializeOnLoadMethodAttributes (111ms)
			AfterProcessingInitializeOnLoad (0ms)
			EditorAssembliesLoaded (0ms)
		ExecutionOrderSort2 (0ms)
		AwakeInstancesAfterBackupRestoration (0ms)
========================================================================
Worker process is ready to serve import requests
Import Worker Mode flag is 0x00
Begin MonoManager ReloadAssembly
[Licensing::Client] Successfully resolved entitlement details
Symbol file LoadedFromMemory is not a mono symbol file
- Loaded All Assemblies, in 18.515 seconds
Script 'CharacterController' has the same name as built-in Unity component.
AddComponent and GetComponent will not work with this script.
'Packages/com.meta.xr.sdk.core/Editor/BuildingBlocks/BlocksWindow.cs' contains partial class of Unity.Object, exactly 1 of the partial classes needs to be in a file with the same filename. This is to know the one that can be referenced from ie. GameObjects
'Packages/com.meta.xr.sdk.core/Editor/BuildingBlocks/BlocksWindowDetailsExtension.cs' contains partial class of Unity.Object, exactly 1 of the partial classes needs to be in a file with the same filename. This is to know the one that can be referenced from ie. GameObjects
'Packages/com.meta.xr.sdk.core/Editor/BuildingBlocks/BlocksWindowCollectionsPageExtension.cs' contains partial class of Unity.Object, exactly 1 of the partial classes needs to be in a file with the same filename. This is to know the one that can be referenced from ie. GameObjects
Refreshing native plugins compatible for Editor in 13.58 ms, found 12 plugins.
Native extension for Android target not found
Native extension for WindowsStandalone target not found
Refreshing native plugins compatible for Editor in 12.51 ms, found 12 plugins.
Package Manager log level set to [2]
[Package Manager] Failed to launch server process. Reason: Unity was launched with the -noUpm command-line argument
[Package Manager] Unable to send message (not connected to server process).
[Package Manager] Cannot connect to Unity Package Manager local server
[Package Manager] Failed to launch server process. Reason: Unity was launched with the -noUpm command-line argument
[Package Manager] Unable to send message (not connected to server process).
[Package Manager] Cannot connect to Unity Package Manager local server
System.Reflection.TargetInvocationException: Exception has been thrown by the target of an invocation. ---> System.NullReferenceException: Object reference not set to an instance of an object
  at Unity.XR.Oculus.OculusLoader.AssetPathToAbsolutePath (System.String assetPath) [0x0003d] in .\Library\PackageCache\com.unity.xr.oculus@44578ba4bd45\Runtime\OculusLoader.cs:312 
  at Unity.XR.Oculus.OculusLoader.EditorLoadOVRPlugin () [0x0008c] in .\Library\PackageCache\com.unity.xr.oculus@44578ba4bd45\Runtime\OculusLoader.cs:297 
  at (wrapper managed-to-native) System.Reflection.RuntimeMethodInfo.InternalInvoke(System.Reflection.RuntimeMethodInfo,object,object[],System.Exception&)
  at System.Reflection.RuntimeMethodInfo.Invoke (System.Object obj, System.Reflection.BindingFlags invokeAttr, System.Reflection.Binder binder, System.Object[] parameters, System.Globalization.CultureInfo culture) [0x0006a] in <1eb9db207454431c84a47bcd81e79c37>:0 
   --- End of inner exception stack trace ---
  at System.Reflection.RuntimeMethodInfo.Invoke (System.Object obj, System.Reflection.BindingFlags invokeAttr, System.Reflection.Binder binder, System.Object[] parameters, System.Globalization.CultureInfo culture) [0x00083] in <1eb9db207454431c84a47bcd81e79c37>:0 
  at System.Reflection.MethodBase.Invoke (System.Object obj, System.Object[] parameters) [0x00000] in <1eb9db207454431c84a47bcd81e79c37>:0 
  at UnityEditor.EditorAssemblies.ProcessInitializeOnLoadMethodAttributes () [0x00087] in <653e87cf2eee46cba35f0658f2b1887c>:0 
UnityEngine.Debug:ExtractStackTraceNoAlloc (byte*,int,string)
UnityEngine.StackTraceUtility:ExtractStackTrace ()
UnityEngine.DebugLogHandler:Internal_Log (UnityEngine.LogType,UnityEngine.LogOption,string,UnityEngine.Object)
UnityEngine.DebugLogHandler:LogFormat (UnityEngine.LogType,UnityEngine.Object,string,object[])
UnityEngine.Logger:Log (UnityEngine.LogType,object)
UnityEngine.Debug:LogError (object)
UnityEditor.EditorAssemblies:ProcessInitializeOnLoadMethodAttributes ()

Mono: successfully reloaded assembly
[Package Manager] Failed to launch server process. Reason: Unity was launched with the -noUpm command-line argument
[Package Manager] Unable to send message (not connected to server process).
[Package Manager] Cannot connect to Unity Package Manager local server
[Package Manager] Failed to launch server process. Reason: Unity was launched with the -noUpm command-line argument
[Package Manager] Unable to send message (not connected to server process).
[Package Manager] Cannot connect to Unity Package Manager local server
- Finished resetting the current domain, in  1.194 seconds
Domain Reload Profiling: 19693ms
	BeginReloadAssembly (214ms)
		ExecutionOrderSort (0ms)
		DisableScriptedObjects (7ms)
		BackupInstance (0ms)
		ReleaseScriptingObjects (0ms)
		CreateAndSetChildDomain (35ms)
	RebuildCommonClasses (35ms)
	RebuildNativeTypeToScriptingClass (11ms)
	initialDomainReloadingComplete (48ms)
	LoadAllAssembliesAndSetupDomain (18190ms)
		LoadAssemblies (17532ms)
		RebuildTransferFunctionScriptingTraits (0ms)
		AnalyzeDomain (787ms)
			TypeCache.Refresh (699ms)
				TypeCache.ScanAssembly (678ms)
			BuildScriptInfoCaches (65ms)
			ResolveRequiredComponents (17ms)
	FinalizeReload (1195ms)
		ReleaseScriptCaches (0ms)
		RebuildScriptCaches (0ms)
		SetupLoadedEditorAssemblies (947ms)
			LogAssemblyErrors (0ms)
			InitializePlatformSupportModulesInManaged (11ms)
			SetLoadedEditorAssemblies (7ms)
			BeforeProcessingInitializeOnLoad (184ms)
			ProcessInitializeOnLoadAttributes (596ms)
			ProcessInitializeOnLoadMethodAttributes (140ms)
			AfterProcessingInitializeOnLoad (9ms)
			EditorAssembliesLoaded (0ms)
		ExecutionOrderSort2 (0ms)
		AwakeInstancesAfterBackupRestoration (7ms)
Shader 'Meta/MRUK/Scene/HighlightsAndShadows': fallback shader 'Off' not found
Shader 'Oculus/OVRMRCameraFrameLit': fallback shader 'Alpha-Diffuse' not found
Launched and connected shader compiler UnityShaderCompiler.exe after 0.04 seconds
Refreshing native plugins compatible for Editor in 11.46 ms, found 12 plugins.
Preloading 3 native plugins for Editor in 0.21 ms.
Unloading 20 Unused Serialized files (Serialized files now loaded: 0)
Unloading 9058 unused Assets / (5.3 MB). Loaded Objects now: 9934.
Memory consumption went from 182.4 MB to 177.1 MB.
Total: 15.097600 ms (FindLiveObjects: 0.919100 ms CreateObjectMapping: 0.579000 ms MarkObjects: 10.834800 ms  DeleteObjects: 2.763600 ms)

========================================================================
Received Import Request.
  Time since last request: 1044597.931663 seconds.
  path: Assets/Prefabs/Vector.prefab
  artifactKey: Guid(ece4b4833441ebe48affd947cef1c38e) Importer(815301076,1909f56bfc062723c751e8b465ee728b)
Start importing Assets/Prefabs/Vector.prefab using Guid(ece4b4833441ebe48affd947cef1c38e) Importer(815301076,1909f56bfc062723c751e8b465ee728b) (PreviewImporter) -> (artifact id: 'dcba39f33c8922a75a921d2c8b7d6c91') in 0.5548784 seconds
Number of updated asset objects reloaded before import = 0Number of asset objects unloaded after import = 830

========================================================================
Received Import Request.
  Time since last request: 106.706068 seconds.
  path: Assets/Prefabs/Vector.prefab
  artifactKey: Guid(ece4b4833441ebe48affd947cef1c38e) Importer(815301076,1909f56bfc062723c751e8b465ee728b)
Start importing Assets/Prefabs/Vector.prefab using Guid(ece4b4833441ebe48affd947cef1c38e) Importer(815301076,1909f56bfc062723c751e8b465ee728b) (PreviewImporter) -> (artifact id: '1d27873e07b7c745685db428005ce824') in 0.0822948 seconds
Number of updated asset objects reloaded before import = 0Number of asset objects unloaded after import = 645

========================================================================
Received Import Request.
  Time since last request: 10.745879 seconds.
  path: Assets/Prefabs/Vector.prefab
  artifactKey: Guid(ece4b4833441ebe48affd947cef1c38e) Importer(815301076,1909f56bfc062723c751e8b465ee728b)
Start importing Assets/Prefabs/Vector.prefab using Guid(ece4b4833441ebe48affd947cef1c38e) Importer(815301076,1909f56bfc062723c751e8b465ee728b) (PreviewImporter) -> (artifact id: '4fd4aab7c1be39bf4919b03a28047019') in 0.0639591 seconds
Number of updated asset objects reloaded before import = 0Number of asset objects unloaded after import = 645

========================================================================
Received Import Request.
  Time since last request: 0.940341 seconds.
  path: Assets/Prefabs/Vector.prefab
  artifactKey: Guid(ece4b4833441ebe48affd947cef1c38e) Importer(815301076,1909f56bfc062723c751e8b465ee728b)
Start importing Assets/Prefabs/Vector.prefab using Guid(ece4b4833441ebe48affd947cef1c38e) Importer(815301076,1909f56bfc062723c751e8b465ee728b) (PreviewImporter) -> (artifact id: 'cc0aeb556279dbcaee9258fd1eb339f6') in 0.0571676 seconds
Number of updated asset objects reloaded before import = 0Number of asset objects unloaded after import = 645

========================================================================
Received Import Request.
  Time since last request: 3.826500 seconds.
  path: Assets/Prefabs/Vector.prefab
  artifactKey: Guid(ece4b4833441ebe48affd947cef1c38e) Importer(815301076,1909f56bfc062723c751e8b465ee728b)
Start importing Assets/Prefabs/Vector.prefab using Guid(ece4b4833441ebe48affd947cef1c38e) Importer(815301076,1909f56bfc062723c751e8b465ee728b) (PreviewImporter) -> (artifact id: '582194548da879e32b6a00ce11756fc9') in 0.0590736 seconds
Number of updated asset objects reloaded before import = 0Number of asset objects unloaded after import = 645

========================================================================
Received Import Request.
  Time since last request: 4.426103 seconds.
  path: Assets/Prefabs/Vector.prefab
  artifactKey: Guid(ece4b4833441ebe48affd947cef1c38e) Importer(815301076,1909f56bfc062723c751e8b465ee728b)
Start importing Assets/Prefabs/Vector.prefab using Guid(ece4b4833441ebe48affd947cef1c38e) Importer(815301076,1909f56bfc062723c751e8b465ee728b) (PreviewImporter) -> (artifact id: '06559ff23477a74c7715ba9bd25ec244') in 0.0579016 seconds
Number of updated asset objects reloaded before import = 0Number of asset objects unloaded after import = 645

========================================================================
Received Import Request.
  Time since last request: 1.683369 seconds.
  path: Assets/Prefabs/Vector.prefab
  artifactKey: Guid(ece4b4833441ebe48affd947cef1c38e) Importer(815301076,1909f56bfc062723c751e8b465ee728b)
Start importing Assets/Prefabs/Vector.prefab using Guid(ece4b4833441ebe48affd947cef1c38e) Importer(815301076,1909f56bfc062723c751e8b465ee728b) (PreviewImporter) -> (artifact id: '8976238a0b0f48fbf7237bc4b26835dd') in 0.0610041 seconds
Number of updated asset objects reloaded before import = 0Number of asset objects unloaded after import = 645

========================================================================
Received Import Request.
  Time since last request: 1.863922 seconds.
  path: Assets/Prefabs/Vector.prefab
  artifactKey: Guid(ece4b4833441ebe48affd947cef1c38e) Importer(815301076,1909f56bfc062723c751e8b465ee728b)
Start importing Assets/Prefabs/Vector.prefab using Guid(ece4b4833441ebe48affd947cef1c38e) Importer(815301076,1909f56bfc062723c751e8b465ee728b) (PreviewImporter) -> (artifact id: '70ddd6fcca6fde5cd1b04ca06bff20f7') in 0.0573996 seconds
Number of updated asset objects reloaded before import = 0Number of asset objects unloaded after import = 645

========================================================================
Received Import Request.
  Time since last request: 2.270180 seconds.
  path: Assets/Prefabs/Vector.prefab
  artifactKey: Guid(ece4b4833441ebe48affd947cef1c38e) Importer(815301076,1909f56bfc062723c751e8b465ee728b)
Start importing Assets/Prefabs/Vector.prefab using Guid(ece4b4833441ebe48affd947cef1c38e) Importer(815301076,1909f56bfc062723c751e8b465ee728b) (PreviewImporter) -> (artifact id: '33d1389d4718619a109a2c251042fd6b') in 0.0573696 seconds
Number of updated asset objects reloaded before import = 0Number of asset objects unloaded after import = 645

========================================================================
Received Import Request.
  Time since last request: 1.926369 seconds.
  path: Assets/Prefabs/Vector.prefab
  artifactKey: Guid(ece4b4833441ebe48affd947cef1c38e) Importer(815301076,1909f56bfc062723c751e8b465ee728b)
Start importing Assets/Prefabs/Vector.prefab using Guid(ece4b4833441ebe48affd947cef1c38e) Importer(815301076,1909f56bfc062723c751e8b465ee728b) (PreviewImporter) -> (artifact id: 'ee25e7ec673ae3374404e5ab3ed9620c') in 0.0691646 seconds
Number of updated asset objects reloaded before import = 0Number of asset objects unloaded after import = 645

========================================================================
Received Import Request.
  Time since last request: 2.119720 seconds.
  path: Assets/Prefabs/Vector.prefab
  artifactKey: Guid(ece4b4833441ebe48affd947cef1c38e) Importer(815301076,1909f56bfc062723c751e8b465ee728b)
Start importing Assets/Prefabs/Vector.prefab using Guid(ece4b4833441ebe48affd947cef1c38e) Importer(815301076,1909f56bfc062723c751e8b465ee728b) (PreviewImporter) -> (artifact id: '305c31990dcee1644be463f6740fb709') in 0.0664402 seconds
Number of updated asset objects reloaded before import = 0Number of asset objects unloaded after import = 645

========================================================================
Received Import Request.
  Time since last request: 1.873940 seconds.
  path: Assets/Prefabs/Vector.prefab
  artifactKey: Guid(ece4b4833441ebe48affd947cef1c38e) Importer(815301076,1909f56bfc062723c751e8b465ee728b)
Start importing Assets/Prefabs/Vector.prefab using Guid(ece4b4833441ebe48affd947cef1c38e) Importer(815301076,1909f56bfc062723c751e8b465ee728b) (PreviewImporter) -> (artifact id: 'fdc851aff2b2fc86e3e623dd5ba44cf0') in 0.0597615 seconds
Number of updated asset objects reloaded before import = 0Number of asset objects unloaded after import = 645

========================================================================
Received Import Request.
  Time since last request: 2.930356 seconds.
  path: Assets/Prefabs/Vector.prefab
  artifactKey: Guid(ece4b4833441ebe48affd947cef1c38e) Importer(815301076,1909f56bfc062723c751e8b465ee728b)
Start importing Assets/Prefabs/Vector.prefab using Guid(ece4b4833441ebe48affd947cef1c38e) Importer(815301076,1909f56bfc062723c751e8b465ee728b) (PreviewImporter) -> (artifact id: 'c47b574b7ae694ae3eb9ad544ff57977') in 0.058381 seconds
Number of updated asset objects reloaded before import = 0Number of asset objects unloaded after import = 645

========================================================================
Received Import Request.
  Time since last request: 1.407497 seconds.
  path: Assets/Prefabs/Vector.prefab
  artifactKey: Guid(ece4b4833441ebe48affd947cef1c38e) Importer(815301076,1909f56bfc062723c751e8b465ee728b)
Start importing Assets/Prefabs/Vector.prefab using Guid(ece4b4833441ebe48affd947cef1c38e) Importer(815301076,1909f56bfc062723c751e8b465ee728b) (PreviewImporter) -> (artifact id: '6bff9f0625f526b41fc71e659cf2f5f0') in 0.059634 seconds
Number of updated asset objects reloaded before import = 0Number of asset objects unloaded after import = 645

========================================================================
Received Import Request.
  Time since last request: 4.734018 seconds.
  path: Assets/Prefabs/Vector.prefab
  artifactKey: Guid(ece4b4833441ebe48affd947cef1c38e) Importer(815301076,1909f56bfc062723c751e8b465ee728b)
Start importing Assets/Prefabs/Vector.prefab using Guid(ece4b4833441ebe48affd947cef1c38e) Importer(815301076,1909f56bfc062723c751e8b465ee728b) (PreviewImporter) -> (artifact id: '23b36dc530cf7e574023628f9b2621a5') in 0.0581514 seconds
Number of updated asset objects reloaded before import = 0Number of asset objects unloaded after import = 645

========================================================================
Received Import Request.
  Time since last request: 4.464588 seconds.
  path: Assets/Prefabs/Vector.prefab
  artifactKey: Guid(ece4b4833441ebe48affd947cef1c38e) Importer(815301076,1909f56bfc062723c751e8b465ee728b)
Start importing Assets/Prefabs/Vector.prefab using Guid(ece4b4833441ebe48affd947cef1c38e) Importer(815301076,1909f56bfc062723c751e8b465ee728b) (PreviewImporter) -> (artifact id: 'f8f8484a8cdf30a161e05686af048a14') in 0.0624784 seconds
Number of updated asset objects reloaded before import = 0Number of asset objects unloaded after import = 645

========================================================================
Received Import Request.
  Time since last request: 2.070158 seconds.
  path: Assets/Prefabs/Vector.prefab
  artifactKey: Guid(ece4b4833441ebe48affd947cef1c38e) Importer(815301076,1909f56bfc062723c751e8b465ee728b)
Start importing Assets/Prefabs/Vector.prefab using Guid(ece4b4833441ebe48affd947cef1c38e) Importer(815301076,1909f56bfc062723c751e8b465ee728b) (PreviewImporter) -> (artifact id: 'c8be65523438da3eb75a733a0f43a9c8') in 0.0569473 seconds
Number of updated asset objects reloaded before import = 0Number of asset objects unloaded after import = 645

========================================================================
Received Import Request.
  Time since last request: 9.424934 seconds.
  path: Assets/Prefabs/Vector.prefab
  artifactKey: Guid(ece4b4833441ebe48affd947cef1c38e) Importer(815301076,1909f56bfc062723c751e8b465ee728b)
Start importing Assets/Prefabs/Vector.prefab using Guid(ece4b4833441ebe48affd947cef1c38e) Importer(815301076,1909f56bfc062723c751e8b465ee728b) (PreviewImporter) -> (artifact id: '01c5d8a02e3521dca4837bd76f95c24d') in 0.0613275 seconds
Number of updated asset objects reloaded before import = 0Number of asset objects unloaded after import = 645

========================================================================
Received Import Request.
  Time since last request: 1.492127 seconds.
  path: Assets/Prefabs/Vector.prefab
  artifactKey: Guid(ece4b4833441ebe48affd947cef1c38e) Importer(815301076,1909f56bfc062723c751e8b465ee728b)
Start importing Assets/Prefabs/Vector.prefab using Guid(ece4b4833441ebe48affd947cef1c38e) Importer(815301076,1909f56bfc062723c751e8b465ee728b) (PreviewImporter) -> (artifact id: '10a49e6625bdd22d67ed652e6bb2acc5') in 0.06028 seconds
Number of updated asset objects reloaded before import = 0Number of asset objects unloaded after import = 645

========================================================================
Received Import Request.
  Time since last request: 3.611831 seconds.
  path: Assets/Prefabs/Vector.prefab
  artifactKey: Guid(ece4b4833441ebe48affd947cef1c38e) Importer(815301076,1909f56bfc062723c751e8b465ee728b)
Start importing Assets/Prefabs/Vector.prefab using Guid(ece4b4833441ebe48affd947cef1c38e) Importer(815301076,1909f56bfc062723c751e8b465ee728b) (PreviewImporter) -> (artifact id: 'cbff9839d0caf3a806e189cd02873e39') in 0.0588705 seconds
Number of updated asset objects reloaded before import = 0Number of asset objects unloaded after import = 645

========================================================================
Received Import Request.
  Time since last request: 7.910183 seconds.
  path: Assets/Prefabs/Vector.prefab
  artifactKey: Guid(ece4b4833441ebe48affd947cef1c38e) Importer(815301076,1909f56bfc062723c751e8b465ee728b)
Start importing Assets/Prefabs/Vector.prefab using Guid(ece4b4833441ebe48affd947cef1c38e) Importer(815301076,1909f56bfc062723c751e8b465ee728b) (PreviewImporter) -> (artifact id: 'c62b21ed5e16d15db48f9b7b4a497c7c') in 0.0599584 seconds
Number of updated asset objects reloaded before import = 0Number of asset objects unloaded after import = 645

========================================================================
Received Import Request.
  Time since last request: 2.865601 seconds.
  path: Assets/Prefabs/Vector.prefab
  artifactKey: Guid(ece4b4833441ebe48affd947cef1c38e) Importer(815301076,1909f56bfc062723c751e8b465ee728b)
Start importing Assets/Prefabs/Vector.prefab using Guid(ece4b4833441ebe48affd947cef1c38e) Importer(815301076,1909f56bfc062723c751e8b465ee728b) (PreviewImporter) -> (artifact id: 'd4c45c2d636cf6b79b8fddc881a879f3') in 0.0603676 seconds
Number of updated asset objects reloaded before import = 0Number of asset objects unloaded after import = 645

========================================================================
Received Import Request.
  Time since last request: 5.134916 seconds.
  path: Assets/Prefabs/Vector.prefab
  artifactKey: Guid(ece4b4833441ebe48affd947cef1c38e) Importer(815301076,1909f56bfc062723c751e8b465ee728b)
Start importing Assets/Prefabs/Vector.prefab using Guid(ece4b4833441ebe48affd947cef1c38e) Importer(815301076,1909f56bfc062723c751e8b465ee728b) (PreviewImporter) -> (artifact id: 'e890e47efc9eaf770f02fbd67b89e37a') in 0.0586537 seconds
Number of updated asset objects reloaded before import = 0Number of asset objects unloaded after import = 645

========================================================================
Received Import Request.
  Time since last request: 9.725217 seconds.
  path: Assets/Prefabs/Vector.prefab
  artifactKey: Guid(ece4b4833441ebe48affd947cef1c38e) Importer(815301076,1909f56bfc062723c751e8b465ee728b)
Start importing Assets/Prefabs/Vector.prefab using Guid(ece4b4833441ebe48affd947cef1c38e) Importer(815301076,1909f56bfc062723c751e8b465ee728b) (PreviewImporter) -> (artifact id: '0134f5900848c9beae7f78a5c6bc9387') in 0.0599587 seconds
Number of updated asset objects reloaded before import = 0Number of asset objects unloaded after import = 645

========================================================================
Received Import Request.
  Time since last request: 6.977914 seconds.
  path: Assets/Prefabs/Vector.prefab
  artifactKey: Guid(ece4b4833441ebe48affd947cef1c38e) Importer(815301076,1909f56bfc062723c751e8b465ee728b)
Start importing Assets/Prefabs/Vector.prefab using Guid(ece4b4833441ebe48affd947cef1c38e) Importer(815301076,1909f56bfc062723c751e8b465ee728b) (PreviewImporter) -> (artifact id: '0900084685437499701049077f5419a1') in 0.0607956 seconds
Number of updated asset objects reloaded before import = 0Number of asset objects unloaded after import = 645

========================================================================
Received Import Request.
  Time since last request: 3.237825 seconds.
  path: Assets/Prefabs/Vector.prefab
  artifactKey: Guid(ece4b4833441ebe48affd947cef1c38e) Importer(815301076,1909f56bfc062723c751e8b465ee728b)
Start importing Assets/Prefabs/Vector.prefab using Guid(ece4b4833441ebe48affd947cef1c38e) Importer(815301076,1909f56bfc062723c751e8b465ee728b) (PreviewImporter) -> (artifact id: '04824531757731f6b7b6d6272a8b776d') in 0.0576714 seconds
Number of updated asset objects reloaded before import = 0Number of asset objects unloaded after import = 645

========================================================================
Received Import Request.
  Time since last request: 4.467073 seconds.
  path: Assets/Prefabs/Vector.prefab
  artifactKey: Guid(ece4b4833441ebe48affd947cef1c38e) Importer(815301076,1909f56bfc062723c751e8b465ee728b)
Start importing Assets/Prefabs/Vector.prefab using Guid(ece4b4833441ebe48affd947cef1c38e) Importer(815301076,1909f56bfc062723c751e8b465ee728b) (PreviewImporter) -> (artifact id: '636268a38963cdf8edaa8cd017119499') in 0.0641044 seconds
Number of updated asset objects reloaded before import = 0Number of asset objects unloaded after import = 645

========================================================================
Received Import Request.
  Time since last request: 55.209908 seconds.
  path: Assets/TextMesh Pro/Resources/Fonts & Materials/LiberationSans SDF - Fallback.asset
  artifactKey: Guid(2e498d1c8094910479dc3e1b768306a4) Importer(2089858483,b0f066a214c2f5e87bad3c948f4d605d)
Start importing Assets/TextMesh Pro/Resources/Fonts & Materials/LiberationSans SDF - Fallback.asset using Guid(2e498d1c8094910479dc3e1b768306a4) Importer(2089858483,b0f066a214c2f5e87bad3c948f4d605d) (ScriptedImporter) -> (artifact id: '28b4ce690cb32f3cc258c4eca96e7b4d') in 0.1170459 seconds
Number of updated asset objects reloaded before import = 0Number of asset objects unloaded after import = 5

========================================================================
Received Import Request.
  Time since last request: 18.997581 seconds.
  path: Assets/Materiales/Colores de Panel numerico/ConfirmButton.mat
  artifactKey: Guid(ae3f2e01b5fd89945946e79eeec5ea81) Importer(815301076,1909f56bfc062723c751e8b465ee728b)
Start importing Assets/Materiales/Colores de Panel numerico/ConfirmButton.mat using Guid(ae3f2e01b5fd89945946e79eeec5ea81) Importer(815301076,1909f56bfc062723c751e8b465ee728b) (PreviewImporter) -> (artifact id: '526cce32b119908be7951216a0efa9f3') in 0.0382706 seconds
Number of updated asset objects reloaded before import = 0Number of asset objects unloaded after import = 1

========================================================================
Received Import Request.
  Time since last request: 0.848529 seconds.
  path: Assets/Materiales/Colores de Panel numerico/ClearButton.mat
  artifactKey: Guid(22345879d62a5da429c99630824e0d14) Importer(2089858483,b0f066a214c2f5e87bad3c948f4d605d)
Start importing Assets/Materiales/Colores de Panel numerico/ClearButton.mat using Guid(22345879d62a5da429c99630824e0d14) Importer(2089858483,b0f066a214c2f5e87bad3c948f4d605d) (ScriptedImporter) -> (artifact id: '797ccabdd9c2133bb9953089d249d27e') in 0.0167799 seconds
Number of updated asset objects reloaded before import = 0Number of asset objects unloaded after import = 1

========================================================================
Received Import Request.
  Time since last request: 43.659715 seconds.
  path: Assets/Materiales/Colores de Panel numerico/ConfirmButton.mat
  artifactKey: Guid(ae3f2e01b5fd89945946e79eeec5ea81) Importer(815301076,1909f56bfc062723c751e8b465ee728b)
Start importing Assets/Materiales/Colores de Panel numerico/ConfirmButton.mat using Guid(ae3f2e01b5fd89945946e79eeec5ea81) Importer(815301076,1909f56bfc062723c751e8b465ee728b) (PreviewImporter) -> (artifact id: '764c18cd9d05a41fdf53b7440af3b586') in 0.0196668 seconds
Number of updated asset objects reloaded before import = 0Number of asset objects unloaded after import = 1

========================================================================
Received Import Request.
  Time since last request: 0.875544 seconds.
  path: Assets/Materiales/Colores de Panel numerico/ConfirmButton.mat
  artifactKey: Guid(ae3f2e01b5fd89945946e79eeec5ea81) Importer(2089858483,b0f066a214c2f5e87bad3c948f4d605d)
Start importing Assets/Materiales/Colores de Panel numerico/ConfirmButton.mat using Guid(ae3f2e01b5fd89945946e79eeec5ea81) Importer(2089858483,b0f066a214c2f5e87bad3c948f4d605d) (ScriptedImporter) -> (artifact id: '80225306da2e538960042e9477913e72') in 0.0137315 seconds
Number of updated asset objects reloaded before import = 0Number of asset objects unloaded after import = 1

========================================================================
Received Import Request.
  Time since last request: 29.208092 seconds.
  path: Assets/Materiales/Colores de Panel numerico/CancelButton.mat
  artifactKey: Guid(9b106c4b4b52bc44bb28ab49140f445a) Importer(815301076,1909f56bfc062723c751e8b465ee728b)
Start importing Assets/Materiales/Colores de Panel numerico/CancelButton.mat using Guid(9b106c4b4b52bc44bb28ab49140f445a) Importer(815301076,1909f56bfc062723c751e8b465ee728b) (PreviewImporter) -> (artifact id: '5f18f5004164c487a2b805149282c5db') in 0.0187972 seconds
Number of updated asset objects reloaded before import = 0Number of asset objects unloaded after import = 1

========================================================================
Received Import Request.
  Time since last request: 0.872525 seconds.
  path: Assets/Materiales/Colores de Panel numerico/CancelButton.mat
  artifactKey: Guid(9b106c4b4b52bc44bb28ab49140f445a) Importer(2089858483,b0f066a214c2f5e87bad3c948f4d605d)
Start importing Assets/Materiales/Colores de Panel numerico/CancelButton.mat using Guid(9b106c4b4b52bc44bb28ab49140f445a) Importer(2089858483,b0f066a214c2f5e87bad3c948f4d605d) (ScriptedImporter) -> (artifact id: '82c676ff70b676c051509ece4356d866') in 0.0168034 seconds
Number of updated asset objects reloaded before import = 0Number of asset objects unloaded after import = 1

========================================================================
Received Import Request.
  Time since last request: 374.679422 seconds.
  path: Assets/Prefabs/Blocks.prefab
  artifactKey: Guid(96717fb9e0d798c4b876a575d8df842f) Importer(815301076,1909f56bfc062723c751e8b465ee728b)
Start importing Assets/Prefabs/Blocks.prefab using Guid(96717fb9e0d798c4b876a575d8df842f) Importer(815301076,1909f56bfc062723c751e8b465ee728b) (PreviewImporter) -> (artifact id: 'ba5c3ba34a53ba92378186478c6ef740') in 0.0713481 seconds
Number of updated asset objects reloaded before import = 0Number of asset objects unloaded after import = 151

========================================================================
Received Import Request.
  Time since last request: 0.000026 seconds.
  path: Assets/Prefabs/VectorAreaRoot.prefab
  artifactKey: Guid(2a9434d6bf963804fb544457fb8b58c7) Importer(815301076,1909f56bfc062723c751e8b465ee728b)
Start importing Assets/Prefabs/VectorAreaRoot.prefab using Guid(2a9434d6bf963804fb544457fb8b58c7) Importer(815301076,1909f56bfc062723c751e8b465ee728b) (PreviewImporter) -> (artifact id: 'ffc53a8b1c10adb8c1686b30a2d25370') in 0.0537448 seconds
Number of updated asset objects reloaded before import = 0Number of asset objects unloaded after import = 101

========================================================================
Received Import Request.
  Time since last request: 0.000036 seconds.
  path: Assets/Prefabs/OneInputFunction.prefab
  artifactKey: Guid(b0211e141e5891848a8582ba5bf73542) Importer(815301076,1909f56bfc062723c751e8b465ee728b)
Start importing Assets/Prefabs/OneInputFunction.prefab using Guid(b0211e141e5891848a8582ba5bf73542) Importer(815301076,1909f56bfc062723c751e8b465ee728b) (PreviewImporter) -> (artifact id: '45dfe6dafc42f588b03ac4128bfa02b6') in 0.0449603 seconds
Number of updated asset objects reloaded before import = 0Number of asset objects unloaded after import = 141

========================================================================
Received Import Request.
  Time since last request: 0.000038 seconds.
  path: Assets/Prefabs/OneInputNumberBlock.prefab
  artifactKey: Guid(ebd15645722cbad4c935492c753a443b) Importer(815301076,1909f56bfc062723c751e8b465ee728b)
Start importing Assets/Prefabs/OneInputNumberBlock.prefab using Guid(ebd15645722cbad4c935492c753a443b) Importer(815301076,1909f56bfc062723c751e8b465ee728b) (PreviewImporter) -> (artifact id: 'e970376b547a3b8fd8eddcdb579fa650') in 0.0552571 seconds
Number of updated asset objects reloaded before import = 0Number of asset objects unloaded after import = 142

========================================================================
Received Import Request.
  Time since last request: 0.000024 seconds.
  path: Assets/Prefabs/keyboardPanelForNumbers.prefab
  artifactKey: Guid(6e03e33207f8fc744a2d34b003788374) Importer(815301076,1909f56bfc062723c751e8b465ee728b)
Start importing Assets/Prefabs/keyboardPanelForNumbers.prefab using Guid(6e03e33207f8fc744a2d34b003788374) Importer(815301076,1909f56bfc062723c751e8b465ee728b) (PreviewImporter) -> (artifact id: 'd7ae495f09aab6f7b5ee7df1f84ee47c') in 0.0355065 seconds
Number of updated asset objects reloaded before import = 0Number of asset objects unloaded after import = 276

========================================================================
Received Import Request.
  Time since last request: 0.000059 seconds.
  path: Assets/Prefabs/Number.prefab
  artifactKey: Guid(05271e7191b94d943bc54475e82eb9b4) Importer(815301076,1909f56bfc062723c751e8b465ee728b)
Start importing Assets/Prefabs/Number.prefab using Guid(05271e7191b94d943bc54475e82eb9b4) Importer(815301076,1909f56bfc062723c751e8b465ee728b) (PreviewImporter) -> (artifact id: 'b9ee34285ac9a54188e5967e8a0acfba') in 0.0670186 seconds
Number of updated asset objects reloaded before import = 0Number of asset objects unloaded after import = 444

Editor requested this worker to shutdown with reason: Scaling down because of idle timeout
AssetImportWorker is now disconnected from the server
Process exiting
Exiting without the bug reporter. Application will terminate with return code 0